This is pdfTeX, Version 3.1415926-1.40.10 (TeX Live 2009/Debian) (format=pdflatex 2011.3.22)  10 MAY 2011 00:56
entering extended mode
 restricted \write18 enabled.
 %&-line parsing enabled.
**thesis
(./thesis.tex
LaTeX2e <2009/09/24>
Babel <v3.8l> and hyphenation patterns for english, usenglishmax, dumylang, noh
yphenation, farsi, arabic, croatian, bulgarian, ukrainian, russian, czech, slov
ak, danish, dutch, finnish, french, basque, ngerman, german, german-x-2009-06-1
9, ngerman-x-2009-06-19, ibycus, monogreek, greek, ancientgreek, hungarian, san
skrit, italian, latin, latvian, lithuanian, mongolian2a, mongolian, bokmal, nyn
orsk, romanian, irish, coptic, serbian, turkish, welsh, esperanto, uppersorbian
, estonian, indonesian, interlingua, icelandic, kurmanji, slovenian, polish, po
rtuguese, spanish, galician, catalan, swedish, ukenglish, pinyin, loaded.
(./Classes/CUEDthesisPSnPDF.cls

LaTeX Warning: You have requested document class `Classes/CUEDthesisPSnPDF',
               but the document class provides `CUEDthesisPSnPDF'.

Document Class: CUEDthesisPSnPDF 2010/07/14 v1.1 CUED thesis class
(/usr/share/texmf-texlive/tex/latex/base/book.cls
Document Class: book 2007/10/19 v1.4h Standard LaTeX document class
(/usr/share/texmf-texlive/tex/latex/base/bk12.clo
File: bk12.clo 2007/10/19 v1.4h Standard LaTeX file (size option)
)
\c@part=\count79
\c@chapter=\count80
\c@section=\count81
\c@subsection=\count82
\c@subsubsection=\count83
\c@paragraph=\count84
\c@subparagraph=\count85
\c@figure=\count86
\c@table=\count87
\abovecaptionskip=\skip41
\belowcaptionskip=\skip42
\bibindent=\dimen102
)
(/usr/share/texmf-texlive/tex/latex/setspace/setspace.sty
Package: setspace 2000/12/01 6.7 Contributed and Supported LaTeX2e package

Package: `setspace' 6.7 <2000/12/01>
) (/usr/share/texmf-texlive/tex/latex/tocbibind/tocbibind.sty
Package: tocbibind 2009/09/04 v1.5i extra ToC listings


Package tocbibind Note: The document has chapter divisions.


Package tocbibind Note: Using chapter style headings, unless overridden.

) (/usr/share/texmf-texlive/tex/latex/amsfonts/amssymb.sty
Package: amssymb 2009/06/22 v3.00

(/usr/share/texmf-texlive/tex/latex/amsfonts/amsfonts.sty
Package: amsfonts 2009/06/22 v3.00 Basic AMSFonts support
\@emptytoks=\toks14
\symAMSa=\mathgroup4
\symAMSb=\mathgroup5
LaTeX Font Info:    Overwriting math alphabet `\mathfrak' in version `bold'
(Font)                  U/euf/m/n --> U/euf/b/n on input line 96.
))
(/usr/share/texmf-texlive/tex/latex/fancyhdr/fancyhdr.sty
\fancy@headwidth=\skip43
\f@ncyO@elh=\skip44
\f@ncyO@erh=\skip45
\f@ncyO@olh=\skip46
\f@ncyO@orh=\skip47
\f@ncyO@elf=\skip48
\f@ncyO@erf=\skip49
\f@ncyO@olf=\skip50
\f@ncyO@orf=\skip51
)
(/usr/share/texmf-texlive/tex/latex/amsfonts/eucal.sty
Package: eucal 2009/06/22 v3.00 Euler Script fonts
LaTeX Font Info:    Overwriting math alphabet `\EuScript' in version `bold'
(Font)                  U/eus/m/n --> U/eus/b/n on input line 33.
)
(/var/lib/texmf/tex/generic/babel/babel.sty
Package: babel 2008/07/06 v3.8l The Babel package

(/usr/share/texmf-texlive/tex/generic/babel/english.ldf
Language: english 2005/03/30 v3.3o English support from the babel system

(/usr/share/texmf-texlive/tex/generic/babel/babel.def
File: babel.def 2008/07/06 v3.8l Babel common definitions
\babel@savecnt=\count88
\U@D=\dimen103
)
\l@canadian = a dialect from \language\l@american 
\l@australian = a dialect from \language\l@british 
\l@newzealand = a dialect from \language\l@british 
))
(/usr/share/texmf-texlive/tex/latex/graphics/color.sty
Package: color 2005/11/14 v1.0j Standard LaTeX Color (DPC)

(/etc/texmf/tex/latex/config/color.cfg
File: color.cfg 2007/01/18 v1.5 color configuration of teTeX/TeXLive
)
Package color Info: Driver file: pdftex.def on input line 130.

(/usr/share/texmf-texlive/tex/latex/pdftex-def/pdftex.def
File: pdftex.def 2010/03/12 v0.04p Graphics/color for pdfTeX
\Gread@gobject=\count89
)
(/usr/share/texmf-texlive/tex/latex/graphics/dvipsnam.def
File: dvipsnam.def 1999/02/16 v3.0i Driver-dependant file (DPC,SPQR)
))
(/usr/share/texmf-texlive/tex/latex/footmisc/footmisc.sty
Package: footmisc 2009/09/15 v5.5a a miscellany of footnote facilities
\FN@temptoken=\toks15
\footnotemargin=\dimen104
\c@pp@next@reset=\count90
\c@@fnserial=\count91
Package footmisc Info: Declaring symbol style bringhurst on input line 855.
Package footmisc Info: Declaring symbol style chicago on input line 863.
Package footmisc Info: Declaring symbol style wiley on input line 872.
Package footmisc Info: Declaring symbol style lamport-robust on input line 883.

Package footmisc Info: Declaring symbol style lamport* on input line 903.
Package footmisc Info: Declaring symbol style lamport*-robust on input line 924
.
)
(/usr/share/texmf-texlive/tex/latex/natbib/natbib.sty
Package: natbib 2010/09/13 8.31b (PWD, AO)
\bibhang=\skip52
\bibsep=\skip53
LaTeX Info: Redefining \cite on input line 694.
\c@NAT@ctr=\count92
)
(/usr/share/texmf-texlive/tex/latex/base/ifthen.sty
Package: ifthen 2001/05/26 v1.1c Standard LaTeX ifthen package (DPC)
)
(/usr/share/texmf-texlive/tex/generic/oberdiek/ifpdf.sty
Package: ifpdf 2009/04/10 v2.0 Provides the ifpdf switch (HO)
Package ifpdf Info: pdfTeX in pdf mode detected.
)
(/usr/share/texmf-texlive/tex/latex/listings/listings.sty
(/usr/share/texmf-texlive/tex/latex/graphics/keyval.sty
Package: keyval 1999/03/16 v1.13 key=value parser (DPC)
\KV@toks@=\toks16
)
\lst@mode=\count93
\lst@gtempboxa=\box26
\lst@token=\toks17
\lst@length=\count94
\lst@currlwidth=\dimen105
\lst@column=\count95
\lst@pos=\count96
\lst@lostspace=\dimen106
\lst@width=\dimen107
\lst@newlines=\count97
\lst@lineno=\count98
\lst@maxwidth=\dimen108

(/usr/share/texmf-texlive/tex/latex/listings/lstmisc.sty
File: lstmisc.sty 2007/02/22 1.4 (Carsten Heinz)
\c@lstnumber=\count99
\lst@skipnumbers=\count100
\lst@framebox=\box27
)
(/usr/share/texmf-texlive/tex/latex/listings/listings.cfg
File: listings.cfg 2007/02/22 1.4 listings configuration
))
Package: listings 2007/02/22 1.4 (Carsten Heinz)

(/usr/share/texmf-texlive/tex/latex/wrapfig/wrapfig.sty
\wrapoverhang=\dimen109
\WF@size=\dimen110
\c@WF@wrappedlines=\count101
\WF@box=\box28
\WF@everypar=\toks18
Package: wrapfig 2003/01/31  v 3.6
)
(./StyleFiles/lettrine.sty
File: lettrine.sty 2007/08/08 v1.62 (Daniel Flipo)
\c@DefaultLines=\count102
\DefaultFindent=\dimen111
\DefaultNindent=\dimen112
\DefaultSlope=\dimen113
\L@lbox=\box29
\L@tbox=\box30
\c@L@lines=\count103
\L@Pindent=\dimen114
\L@Findent=\dimen115
\L@Nindent=\dimen116
\L@lraise=\dimen117
\L@first=\dimen118
\L@next=\dimen119
\L@slope=\dimen120
\L@height=\dimen121
\LettrineWidth=\dimen122

Loading lettrine.cfg
(/usr/share/texmf-texlive/tex/latex/lettrine/lettrine.cfg))
(/usr/share/texmf-texlive/tex/latex/booktabs/booktabs.sty
Package: booktabs 2005/04/14 v1.61803 publication quality tables
\heavyrulewidth=\dimen123
\lightrulewidth=\dimen124
\cmidrulewidth=\dimen125
\belowrulesep=\dimen126
\belowbottomsep=\dimen127
\aboverulesep=\dimen128
\abovetopsep=\dimen129
\cmidrulesep=\dimen130
\cmidrulekern=\dimen131
\defaultaddspace=\dimen132
\@cmidla=\count104
\@cmidlb=\count105
\@aboverulesep=\dimen133
\@belowrulesep=\dimen134
\@thisruleclass=\count106
\@lastruleclass=\count107
\@thisrulewidth=\dimen135
)
(/usr/share/texmf-texlive/tex/latex/mh/mathtools.sty
Package: mathtools 2008/08/01 v1.06 mathematical typesetting tools (MH)

(/usr/share/texmf-texlive/tex/latex/tools/calc.sty
Package: calc 2007/08/22 v4.3 Infix arithmetic (KKT,FJ)
\calc@Acount=\count108
\calc@Bcount=\count109
\calc@Adimen=\dimen136
\calc@Bdimen=\dimen137
\calc@Askip=\skip54
\calc@Bskip=\skip55
LaTeX Info: Redefining \setlength on input line 76.
LaTeX Info: Redefining \addtolength on input line 77.
\calc@Ccount=\count110
\calc@Cskip=\skip56
)
(/usr/share/texmf-texlive/tex/latex/mh/mhsetup.sty
Package: mhsetup 2007/12/03 v1.2 programming setup (MH)
)
(/usr/share/texmf-texlive/tex/latex/amsmath/amsmath.sty
Package: amsmath 2000/07/18 v2.13 AMS math features
\@mathmargin=\skip57

For additional information on amsmath, use the `?' option.
(/usr/share/texmf-texlive/tex/latex/amsmath/amstext.sty
Package: amstext 2000/06/29 v2.01

(/usr/share/texmf-texlive/tex/latex/amsmath/amsgen.sty
File: amsgen.sty 1999/11/30 v2.0
\@emptytoks=\toks19
\ex@=\dimen138
))
(/usr/share/texmf-texlive/tex/latex/amsmath/amsbsy.sty
Package: amsbsy 1999/11/29 v1.2d
\pmbraise@=\dimen139
)
(/usr/share/texmf-texlive/tex/latex/amsmath/amsopn.sty
Package: amsopn 1999/12/14 v2.01 operator names
)
\inf@bad=\count111
LaTeX Info: Redefining \frac on input line 211.
\uproot@=\count112
\leftroot@=\count113
LaTeX Info: Redefining \overline on input line 307.
\classnum@=\count114
\DOTSCASE@=\count115
LaTeX Info: Redefining \ldots on input line 379.
LaTeX Info: Redefining \dots on input line 382.
LaTeX Info: Redefining \cdots on input line 467.
\Mathstrutbox@=\box31
\strutbox@=\box32
\big@size=\dimen140
LaTeX Font Info:    Redeclaring font encoding OML on input line 567.
LaTeX Font Info:    Redeclaring font encoding OMS on input line 568.
\macc@depth=\count116
\c@MaxMatrixCols=\count117
\dotsspace@=\muskip10
\c@parentequation=\count118
\dspbrk@lvl=\count119
\tag@help=\toks20
\row@=\count120
\column@=\count121
\maxfields@=\count122
\andhelp@=\toks21
\eqnshift@=\dimen141
\alignsep@=\dimen142
\tagshift@=\dimen143
\tagwidth@=\dimen144
\totwidth@=\dimen145
\lineht@=\dimen146
\@envbody=\toks22
\multlinegap=\skip58
\multlinetaggap=\skip59
\mathdisplay@stack=\toks23
LaTeX Info: Redefining \[ on input line 2666.
LaTeX Info: Redefining \] on input line 2667.
)
\g_MT_multlinerow_int=\count123
\l_MT_multwidth_dim=\dimen147
)
(/usr/share/texmf-texlive/tex/latex/subfig/subfig.sty
Package: subfig 2005/06/28 ver: 1.3 subfig package

(/usr/share/texmf-texlive/tex/latex/caption/caption.sty
Package: caption 2009/10/09 v3.1k Customizing captions (AR)

(/usr/share/texmf-texlive/tex/latex/caption/caption3.sty
Package: caption3 2009/10/09 v3.1k caption3 kernel (AR)
\captionmargin=\dimen148
\captionmargin@=\dimen149
\captionwidth=\dimen150
\caption@indent=\dimen151
\caption@parindent=\dimen152
\caption@hangindent=\dimen153
)
\c@ContinuedFloat=\count124
Package caption Info: listings package is loaded.
Package caption Info: wrapfig package is loaded.
)
\c@KVtest=\count125
\sf@farskip=\skip60
\sf@captopadj=\dimen154
\sf@capskip=\skip61
\sf@nearskip=\skip62
\c@subfigure=\count126
\c@subfigure@save=\count127
\c@lofdepth=\count128
\c@subtable=\count129
\c@subtable@save=\count130
\c@lotdepth=\count131
\sf@top=\skip63
\sf@bottom=\skip64
)
(/usr/share/texmf-texlive/tex/latex/nomencl/nomencl.sty
Package: nomencl 2005/09/22 v4.2 Nomenclature package (LN)
\nomlabelwidth=\dimen155
\nom@tempdim=\dimen156
\nomitemsep=\skip65
)
\@nomenclaturefile=\write3
\openout3 = `thesis.nlo'.


Writing nomenclature file thesis.nlo
(/usr/share/texmf-texlive/tex/latex/hyperref/hyperref.sty
Package: hyperref 2009/10/09 v6.79a Hypertext links for LaTeX

(/usr/share/texmf-texlive/tex/generic/oberdiek/ifvtex.sty
Package: ifvtex 2008/11/04 v1.4 Switches for detecting VTeX and its modes (HO)
Package ifvtex Info: VTeX not detected.
)
(/usr/share/texmf-texlive/tex/generic/ifxetex/ifxetex.sty
Package: ifxetex 2009/01/23 v0.5 Provides ifxetex conditional
)
(/usr/share/texmf-texlive/tex/latex/oberdiek/hycolor.sty
Package: hycolor 2009/10/02 v1.5 Code for color options of hyperref/bookmark (H
O)

(/usr/share/texmf-texlive/tex/latex/oberdiek/xcolor-patch.sty
Package: xcolor-patch 2009/10/02 xcolor patch
))
\@linkdim=\dimen157
\Hy@linkcounter=\count132
\Hy@pagecounter=\count133

(/usr/share/texmf-texlive/tex/latex/hyperref/pd1enc.def
File: pd1enc.def 2009/10/09 v6.79a Hyperref: PDFDocEncoding definition (HO)
)
(/usr/share/texmf-texlive/tex/generic/oberdiek/etexcmds.sty
Package: etexcmds 2007/12/12 v1.2 Prefix for e-TeX command names (HO)

(/usr/share/texmf-texlive/tex/generic/oberdiek/infwarerr.sty
Package: infwarerr 2007/09/09 v1.2 Providing info/warning/message (HO)
)
Package etexcmds Info: Could not find \expanded.
(etexcmds)             That can mean that you are not using pdfTeX 1.50 or
(etexcmds)             that some package has redefined \expanded.
(etexcmds)             In the latter case, load this package earlier.
)
(/usr/share/texmf-texlive/tex/latex/latexconfig/hyperref.cfg
File: hyperref.cfg 2002/06/06 v1.2 hyperref configuration of TeXLive
)
(/usr/share/texmf-texlive/tex/latex/oberdiek/kvoptions.sty
Package: kvoptions 2009/08/13 v3.4 Keyval support for LaTeX options (HO)

(/usr/share/texmf-texlive/tex/generic/oberdiek/kvsetkeys.sty
Package: kvsetkeys 2009/07/30 v1.5 Key value parser with default handler suppor
t (HO)
))
Package hyperref Info: Option `plainpages' set `false' on input line 2864.
Package hyperref Info: Option `pdfpagelabels' set `true' on input line 2864.


Package hyperref Warning: Values of option `pdfpagelayout':
(hyperref)                * `SinglePage'
(hyperref)                * `OneColumn'
(hyperref)                * `TwoColumnLeft'
(hyperref)                * `TwoColumnRight'
(hyperref)                * `TwoPageLeft' (PDF 1.5)
(hyperref)                * `TwoPageRight' (PDF 1.5)
(hyperref)                * An empty value disables the option.
(hyperref)                Unknown value `useoutlines' on input line 2864.

Package hyperref Info: Option `bookmarks' set `true' on input line 2864.
Package hyperref Info: Option `bookmarksopen' set `true' on input line 2864.
Package hyperref Info: Option `bookmarksnumbered' set `true' on input line 2864
.
Package hyperref Info: Option `breaklinks' set `true' on input line 2864.
Package hyperref Info: Option `linktocpage' set `true' on input line 2864.
Package hyperref Info: Option `colorlinks' set `true' on input line 2864.
Package hyperref Info: Option `hyperindex' set `true' on input line 2864.
Package hyperref Info: Option `hyperfigures' set `true' on input line 2864.
Package hyperref Info: Hyper figures ON on input line 2973.
Package hyperref Info: Link nesting OFF on input line 2980.
Package hyperref Info: Hyper index ON on input line 2983.
Package hyperref Info: Plain pages OFF on input line 2990.
Package hyperref Info: Backreferencing ON on input line 2993.
Implicit mode ON; LaTeX internals redefined
Package hyperref Info: Bookmarks ON on input line 3191.
(/usr/share/texmf-texlive/tex/latex/hyperref/backref.sty
Package: backref 2006/09/05 v1.28 Bibliographical back referencing
)
(/usr/share/texmf-texlive/tex/latex/ltxmisc/url.sty
\Urlmuskip=\muskip11
Package: url 2006/04/12  ver 3.3  Verb mode for urls, etc.
)
LaTeX Info: Redefining \url on input line 3428.

(/usr/share/texmf-texlive/tex/generic/oberdiek/bitset.sty
Package: bitset 2007/09/28 v1.0 Data type bit set (HO)

(/usr/share/texmf-texlive/tex/generic/oberdiek/intcalc.sty
Package: intcalc 2007/09/27 v1.1 Expandable integer calculations (HO)
)
(/usr/share/texmf-texlive/tex/generic/oberdiek/bigintcalc.sty
Package: bigintcalc 2007/11/11 v1.1 Expandable big integer calculations (HO)

(/usr/share/texmf-texlive/tex/generic/oberdiek/pdftexcmds.sty
Package: pdftexcmds 2009/09/23 v0.6 LuaTeX support for pdfTeX utility functions
 (HO)

(/usr/share/texmf-texlive/tex/generic/oberdiek/ifluatex.sty
Package: ifluatex 2009/04/17 v1.2 Provides the ifluatex switch (HO)
Package ifluatex Info: LuaTeX not detected.
)
(/usr/share/texmf-texlive/tex/generic/oberdiek/ltxcmds.sty
Package: ltxcmds 2009/08/05 v1.0 Some LaTeX kernel commands for general use (HO
)
)
Package pdftexcmds Info: LuaTeX not detected.
Package pdftexcmds Info: \pdf@primitive is available.
Package pdftexcmds Info: \pdf@ifprimitive is available.
)))
\Fld@menulength=\count134
\Field@Width=\dimen158
\Fld@charsize=\dimen159
\Field@toks=\toks24
Package hyperref Info: Hyper figures ON on input line 4375.
Package hyperref Info: Link nesting OFF on input line 4382.
Package hyperref Info: Hyper index ON on input line 4385.
Package hyperref Info: backreferencing ON on input line 4390.
Package hyperref Info: Link coloring ON on input line 4395.
Package hyperref Info: Link coloring with OCG OFF on input line 4402.
Package hyperref Info: PDF/A mode OFF on input line 4407.

(/usr/share/texmf-texlive/tex/generic/oberdiek/atbegshi.sty
Package: atbegshi 2008/07/31 v1.9 At begin shipout hook (HO)
)
\Hy@abspage=\count135
\c@Item=\count136
\c@Hfootnote=\count137
)
*hyperref using driver hpdftex*
(/usr/share/texmf-texlive/tex/latex/hyperref/hpdftex.def
File: hpdftex.def 2009/10/09 v6.79a Hyperref driver for pdfTeX
\Fld@listcount=\count138
)
(/usr/share/texmf-texlive/tex/latex/graphics/graphicx.sty
Package: graphicx 1999/02/16 v1.0f Enhanced LaTeX Graphics (DPC,SPQR)

(/usr/share/texmf-texlive/tex/latex/graphics/graphics.sty
Package: graphics 2009/02/05 v1.0o Standard LaTeX Graphics (DPC,SPQR)

(/usr/share/texmf-texlive/tex/latex/graphics/trig.sty
Package: trig 1999/03/16 v1.09 sin cos tan (DPC)
)
(/etc/texmf/tex/latex/config/graphics.cfg
File: graphics.cfg 2009/08/28 v1.8 graphics configuration of TeX Live
)
Package graphics Info: Driver file: pdftex.def on input line 91.
)
\Gin@req@height=\dimen160
\Gin@req@width=\dimen161
))
(/usr/share/texmf-texlive/tex/latex/geometry/geometry.sty
Package: geometry 2008/12/21 v4.2 Page Geometry
\Gm@cnth=\count139
\Gm@cntv=\count140
\c@Gm@tempcnt=\count141
\Gm@bindingoffset=\dimen162
\Gm@wd@mp=\dimen163
\Gm@odd@mp=\dimen164
\Gm@even@mp=\dimen165
\Gm@dimlist=\toks25

(/usr/share/texmf-texlive/tex/xelatex/xetexconfig/geometry.cfg))
(./StyleFiles/watermark.sty

LaTeX Warning: You have requested package `StyleFiles/watermark',
               but the package provides `watermark'.

Package: watermark 2002/01/29 v1.00 Watermarks (NCC)
) (/usr/share/texmf-texlive/tex/latex/type1cm/type1cm.sty
Package: type1cm 2002/09/05 v0.04 BlueSky/Y&Y Type1 CM font definitions (DPC, p
atched RF)
)
(./StyleFiles/fncychapleo.sty

LaTeX Warning: You have requested package `StyleFiles/fncychapleo',
               but the package provides `fncychapleo'.

Package: fncychapleo 1997/04/06 v1.11 LaTeX package (Revised chapters)
\RW=\skip66
\mylen=\skip67
\myhi=\skip68
\px=\skip69
\py=\skip70
\pyy=\skip71
\pxx=\skip72
) (./thesis.aux (./dedication.aux) (./cite.aux) (./acknowledgement.aux)
(./abstract.aux) (./introduction.aux) (./chapter1.aux

LaTeX Warning: Label `FigStructure' multiply defined.

) (./chapter2.aux

LaTeX Warning: Label `FigStructure' multiply defined.

) (./chapter3.aux

LaTeX Warning: Label `FigStructure' multiply defined.


LaTeX Warning: Label `Figjhk_be_b' multiply defined.


LaTeX Warning: Label `Figjhk_be_b' multiply defined.


LaTeX Warning: Label `FigFlowSpectra' multiply defined.


LaTeX Warning: Label `FigSpecChar' multiply defined.


LaTeX Warning: Label `FigResult3' multiply defined.


LaTeX Warning: Label `FigBe3' multiply defined.

) (./conclusion.aux) (./appendix1.aux) (./appendix2.aux))
\openout1 = `thesis.aux'.

LaTeX Font Info:    Checking defaults for OML/cmm/m/it on input line 73.
LaTeX Font Info:    ... okay on input line 73.
LaTeX Font Info:    Checking defaults for T1/cmr/m/n on input line 73.
LaTeX Font Info:    ... okay on input line 73.
LaTeX Font Info:    Checking defaults for OT1/cmr/m/n on input line 73.
LaTeX Font Info:    ... okay on input line 73.
LaTeX Font Info:    Checking defaults for OMS/cmsy/m/n on input line 73.
LaTeX Font Info:    ... okay on input line 73.
LaTeX Font Info:    Checking defaults for OMX/cmex/m/n on input line 73.
LaTeX Font Info:    ... okay on input line 73.
LaTeX Font Info:    Checking defaults for U/cmr/m/n on input line 73.
LaTeX Font Info:    ... okay on input line 73.
LaTeX Font Info:    Checking defaults for PD1/pdf/m/n on input line 73.
LaTeX Font Info:    ... okay on input line 73.

(/usr/share/texmf/tex/context/base/supp-pdf.mkii
[Loading MPS to PDF converter (version 2006.09.02).]
\scratchcounter=\count142
\scratchdimen=\dimen166
\scratchbox=\box33
\nofMPsegments=\count143
\nofMParguments=\count144
\everyMPshowfont=\toks26
\MPscratchCnt=\count145
\MPscratchDim=\dimen167
\MPnumerator=\count146
\everyMPtoPDFconversion=\toks27
)
\c@lstlisting=\count147
Package caption Info: Begin \AtBeginDocument code.
Package caption3 Info: subfig package 1.2 or 1.3 is loaded.
LaTeX Info: Redefining \subref on input line 73.
Package caption Info: hyperref package is loaded.
Package caption Info: End \AtBeginDocument code.
Package hyperref Info: Link coloring ON on input line 73.
 (/usr/share/texmf-texlive/tex/latex/hyperref/nameref.sty
Package: nameref 2007/05/29 v2.31 Cross-referencing by name of section

(/usr/share/texmf-texlive/tex/latex/oberdiek/refcount.sty
Package: refcount 2008/08/11 v3.1 Data extraction from references (HO)
)
\c@section@level=\count148
)
LaTeX Info: Redefining \ref on input line 73.
LaTeX Info: Redefining \pageref on input line 73.
 (./thesis.out)
(./thesis.out)
\@outlinefile=\write4
\openout4 = `thesis.out'.

Package backref Info: ** backref set up for natbib ** on input line 73.
\AtBeginShipoutBox=\box34

*geometry auto-detecting driver*
*geometry detected driver: pdftex*
-------------------- Geometry parameters
paper: class default
landscape: --
twocolumn: --
twoside: true
asymmetric: --
h-parts: 71.13188pt, 455.24411pt, 71.13188pt
v-parts: 71.13188pt, 702.78308pt, 71.13188pt
hmarginratio: --
vmarginratio: --
lines: --
heightrounded: --
bindingoffset: 0.0pt
truedimen: --
includehead: --
includefoot: --
includemp: --
driver: pdftex
-------------------- Page layout dimensions and switches
\paperwidth  597.50787pt
\paperheight 845.04684pt
\textwidth  455.24411pt
\textheight 702.78308pt
\oddsidemargin  -1.1381pt
\evensidemargin -1.1381pt
\topmargin  -68.7866pt
\headheight 39.19576pt
\headsep    28.45274pt
\footskip   67.14851pt
\marginparwidth 85.35826pt
\marginparsep   2.84526pt
\columnsep  10.0pt
\skip\footins  10.8pt plus 4.0pt minus 2.0pt
\hoffset 0.0pt
\voffset 0.0pt
\mag 1000
\@twosidetrue \@mparswitchtrue 
(1in=72.27pt, 1cm=28.45pt)
-----------------------
(./lst.tex (/usr/share/texmf-texlive/tex/latex/listings/lstlang1.sty
File: lstlang1.sty 2004/09/05 1.3 listings language file
))
<pic/sci-logo.pdf, id=186, 427.5975pt x 427.5975pt>
File: pic/sci-logo.pdf Graphic file (type pdf)
 <use pic/sci-logo.pdf>
[1

{/var/lib/texmf/fonts/map/pdftex/updmap/pdftex.map} <./pic/sci-logo.pdf>]
[2

]
\openout2 = `dedication.aux'.

 (./dedication.tex [1

])
\openout2 = `cite.aux'.

 (./cite.tex) [2


]
\openout2 = `acknowledgement.aux'.

 (./acknowledgement.tex
Missing character: There is no Å in font cmr12!
Missing character: There is no   in font cmr12!
Missing character: There is no Å in font cmr12!
Missing character: There is no ™ in font cmr12!
Missing character: There is no Ã in font cmr12!
Missing character: There is no ¡ in font cmr12!
Missing character: There is no Ã in font cmr12!
Missing character: There is no ¡ in font cmr12!
Missing character: There is no Å in font cmr12!
Missing character: There is no   in font cmr12!
Missing character: There is no Å in font cmr12!
Missing character: There is no ™ in font cmr12!
Missing character: There is no Ã in font cmr12!
Missing character: There is no ­ in font cmr12!
 [3


])
\openout2 = `abstract.aux'.


(./abstract.tex [4


])
LaTeX Font Info:    Try loading font information for OT1+phv on input line 110.

 (/usr/share/texmf-texlive/tex/latex/psnfss/ot1phv.fd
File: ot1phv.fd 2001/06/04 scalable font definitions for OT1/phv.
)
(./thesis.toc [5
\FN@pp@footnotehinttrue 


]
Missing character: There is no Å in font cmbx12!
Missing character: There is no ™ in font cmbx12!
)
\tf@toc=\write5
\openout5 = `thesis.toc'.

 [6] (./thesis.lof

Package natbib Warning: Citation `ballastroinformatics' on page vii undefined o
n input line 2.


Package natbib Warning: Citation `hirata1984star' on page vii undefined on inpu
t line 14.


Package natbib Warning: Citation `slettebak1988stars' on page vii undefined on 
input line 15.

Missing character: There is no Å in font cmr12!
Missing character: There is no ™ in font cmr12!
Missing character: There is no Å in font cmr12!
Missing character: There is no ™ in font cmr12!
Missing character: There is no Å in font cmr12!
Missing character: There is no ™ in font cmr12!
[7

]

LaTeX Warning: Command \r invalid in math mode on input line 21.


LaTeX Warning: Command \r invalid in math mode on input line 22.

)
\tf@lof=\write6
\openout6 = `thesis.lof'.

 (./thesis.nls) [8]
\openout2 = `introduction.aux'.

 (./introduction.tex

Package natbib Warning: Citation `ballastroinformatics' on page 1 undefined on 
input line 20.

<pic/astroinformatics.pdf, id=343, 216.81pt x 136.51pt>
File: pic/astroinformatics.pdf Graphic file (type pdf)

<use pic/astroinformatics.pdf>

Package natbib Warning: Citation `ballastroinformatics' on page 1 undefined on 
input line 35.


Package natbib Warning: Citation `ballastroinformatics' on page 1 undefined on 
input line 35.


Package natbib Warning: Citation `porter2003classical' on page 1 undefined on i
nput line 48.

<pic/mapThesis.pdf, id=345, 382.42876pt x 229.85875pt>
File: pic/mapThesis.pdf Graphic file (type pdf)
 <use pic/mapThesis.pdf>pdfTeX warning (ext4): destination with the same identi
fier (name{page.1}) has been already used, duplicate ignored
<to be read again> 
                   \relax 
l.96 
      [1



 <./pic/astroinformatics.pdf>]
Missing character: There is no Å in font cmr10!
Missing character: There is no ™ in font cmr10!
)pdfTeX warning (ext4): destination with the same identifier (name{page.2}) has
 been already used, duplicate ignored
<to be read again> 
                   \relax 
l.117 \include{introduction}
                             [2 <./pic/mapThesis.pdf>]
\openout2 = `chapter1.aux'.

 (./chapter1.tex
Chapter 1.
<pic/mapVirtualObservatory.pdf, id=373, 391.4625pt x 163.61125pt>
File: pic/mapVirtualObservatory.pdf Graphic file (type pdf)

<use pic/mapVirtualObservatory.pdf>
LaTeX Font Info:    Font shape `OMS/cmr/m/n' in size <12> not available
(Font)              Font shape `OMS/cmsy/m/n' tried instead on input line 41.


Package natbib Warning: Citation `hanisch2010international' on page 3 undefined
 on input line 42.


Package natbib Warning: Citation `becla2006designing' on page 3 undefined on in
put line 45.


Package natbib Warning: Citation `hanisch2010international' on page 3 undefined
 on input line 51.


Package natbib Warning: Citation `berners1990worldwideweb' on page 3 undefined 
on input line 67.

[3



 <./pic/mapVirtualObservatory.pdf>]
<pic/ivoamembers.jpg, id=388, 964.64738pt x 520.55348pt>
File: pic/ivoamembers.jpg Graphic file (type jpg)

<use pic/ivoamembers.jpg>

Package natbib Warning: Citation `hanisch2010international' on page 4 undefined
 on input line 99.

<pic/architecture.pdf, id=392, 464.73625pt x 382.42876pt>
File: pic/architecture.pdf Graphic file (type pdf)

<use pic/architecture.pdf>
Overfull \hbox (9.491pt too wide) in paragraph at lines 140--146
 [] 
 []

[4 <./pic/ivoamembers.jpg (PNG copy)>] [5 <./pic/architecture.pdf>]

Package natbib Warning: Citation `bensonivoa' on page 6 undefined on input line
 174.

<pic/resources.pdf, id=415, 597.50786pt x 845.04686pt>
File: pic/resources.pdf Graphic file (type pdf)
 <use pic/resources.pdf>
Overfull \hbox (142.26228pt too wide) in paragraph at lines 191--197
 [] 
 []


LaTeX Warning: Float too large for page by 180.7617pt on input line 200.

[6

] [7 <./pic/resources.pdf>] (./resourceExample.vot

LaTeX Font Warning: Font shape `OT1/cmtt/bx/n' in size <10.95> not available
(Font)              Font shape `OT1/cmtt/m/n' tried instead on input line 13.

) [8

]

Package natbib Warning: Citation `wenger2000simbad' on page 9 undefined on inpu
t line 316.

[9] [10]
Missing character: There is no ï in font cmr12!
Missing character: There is no ¿ in font cmr12!
Missing character: There is no ½ in font cmr12!
 [11]

Package natbib Warning: Citation `nrc1995' on page 12 undefined on input line 5
42.

[12]

Package natbib Warning: Citation `fits1997' on page 13 undefined on input line 
549.

[13]) [14]
\openout2 = `chapter2.aux'.

 (./chapter2.tex
Chapter 2.
<pic/mapDataMining.pdf, id=621, 285.065pt x 97.36375pt>
File: pic/mapDataMining.pdf Graphic file (type pdf)

<use pic/mapDataMining.pdf>

Package natbib Warning: Citation `ball2010data' on page 15 undefined on input l
ine 32.

[15



 <./pic/mapDataMining.pdf>]

Package natbib Warning: Citation `kotsiantis2007supervised' on page 16 undefine
d on input line 59.


Package natbib Warning: Citation `witten2005data' on page 16 undefined on input
 line 101.

[16]

LaTeX Warning: Command \r invalid in math mode on input line 136.

[17] <pic/starsGalaxiesQSO.pdf, id=680, 587.19376pt x 442.65375pt>
File: pic/starsGalaxiesQSO.pdf Graphic file (type pdf)

<use pic/starsGalaxiesQSO.pdf> [18 <./pic/starsGalaxiesQSO.pdf>]
Overfull \hbox (70.64041pt too wide) in paragraph at lines 212--213
[][][][] 
 []


Overfull \hbox (70.64041pt too wide) in paragraph at lines 217--218
[][][][] 
 []

[19

]) [20]
\openout2 = `chapter3.aux'.

 (./chapter3.tex
Chapter 3.
<pic/mapBeCandidates.pdf, id=757, 442.65375pt x 212.795pt>
File: pic/mapBeCandidates.pdf Graphic file (type pdf)

<use pic/mapBeCandidates.pdf>

Package natbib Warning: Citation `porter2003classical' on page 21 undefined on 
input line 35.

<pic/beStarLine.pdf, id=758, 524.96124pt x 297.11pt>
File: pic/beStarLine.pdf Graphic file (type pdf)
 <use pic/beStarLine.pdf>

Package natbib Warning: Citation `hirata1984star' on page 21 undefined on input
 line 54.


Package natbib Warning: Citation `hirata1984star' on page 21 undefined on input
 line 54.

[21



 <./pic/mapBeCandidates.pdf>]
<pic/beStarLine2.png, id=769, 580.41844pt x 374.90062pt>
File: pic/beStarLine2.png Graphic file (type png)

<use pic/beStarLine2.png>

Package natbib Warning: Citation `slettebak1988stars' on page 22 undefined on i
nput line 69.


Package natbib Warning: Citation `slettebak1988stars' on page 22 undefined on i
nput line 69.

[22 <./pic/beStarLine.pdf> <./pic/beStarLine2.png (PNG copy)>]
<pic/flowPhoto.pdf, id=779, 614.295pt x 794.97pt>
File: pic/flowPhoto.pdf Graphic file (type pdf)
 <use pic/flowPhoto.pdf>
[23

 <./pic/flowPhoto.pdf>]

Package natbib Warning: Citation `van1995halpha' on page 24 undefined on input 
line 123.

Missing character: There is no Å in font cmr12!
Missing character: There is no ™ in font cmr12!

Package natbib Warning: Citation `perryman1997hipparcos' on page 24 undefined o
n input line 129.


Package natbib Warning: Citation `2006AJ131.1163S' on page 24 undefined on inpu
t line 130.

<pic/jhk_be_b.pdf, id=794, 587.19376pt x 442.65375pt>
File: pic/jhk_be_b.pdf Graphic file (type pdf)
 <use pic/jhk_be_b.pdf>
[24

 <./pic/jhk_be_b.pdf>]
<pic/jhk_be_b_errors.pdf, id=841, 587.19376pt x 442.65375pt>
File: pic/jhk_be_b_errors.pdf Graphic file (type pdf)

<use pic/jhk_be_b_errors.pdf> [25 <./pic/jhk_be_b_errors.pdf>]
<pic/flowSpectra.pdf, id=887, 614.295pt x 794.97pt>
File: pic/flowSpectra.pdf Graphic file (type pdf)
 <use pic/flowSpectra.pdf>
Missing character: There is no Å in font cmr12!
Missing character: There is no ™ in font cmr12!
Missing character: There is no Å in font cmr12!
Missing character: There is no ™ in font cmr12!
Missing character: There is no Å in font cmr12!
Missing character: There is no ™ in font cmr12!
Missing character: There is no Å in font cmr12!
Missing character: There is no ™ in font cmr12!

[26

] [27 <./pic/flowSpectra.pdf>]
Missing character: There is no Å in font cmr12!
Missing character: There is no ™ in font cmr12!
Missing character: There is no Å in font cmr12!
Missing character: There is no ™ in font cmr12!
 [28

]
Missing character: There is no Å in font cmr12!
Missing character: There is no ™ in font cmr12!
Missing character: There is no Å in font cmtt10!
Missing character: There is no ™ in font cmtt10!
Missing character: There is no Å in font cmr12!
Missing character: There is no ™ in font cmr12!

<pic/convolution.pdf, id=950, 587.19376pt x 442.65375pt>
File: pic/convolution.pdf Graphic file (type pdf)

<use pic/convolution.pdf>
Overfull \hbox (14.51154pt too wide) in paragraph at lines 374--385
 [] 
 []

Missing character: There is no Å in font cmr12!
Missing character: There is no ™ in font cmr12!
Missing character: There is no Å in font cmr12!
Missing character: There is no ™ in font cmr12!
[29] [30 <./pic/convolution.pdf>]
Missing character: There is no Å in font cmr12!
Missing character: There is no ™ in font cmr12!


Package hyperref Warning: Token not allowed in a PDF string (PDFDocEncoding):
(hyperref)                removing `math shift' on input line 419.


Package hyperref Warning: Token not allowed in a PDF string (PDFDocEncoding):
(hyperref)                removing `\alpha' on input line 419.


Package hyperref Warning: Token not allowed in a PDF string (PDFDocEncoding):
(hyperref)                removing `math shift' on input line 419.


LaTeX Warning: Command \r invalid in math mode on input line 420.


Package hyperref Warning: Token not allowed in a PDF string (PDFDocEncoding):
(hyperref)                removing `math shift' on input line 447.


Package hyperref Warning: Token not allowed in a PDF string (PDFDocEncoding):
(hyperref)                removing `\alpha' on input line 447.


Package hyperref Warning: Token not allowed in a PDF string (PDFDocEncoding):
(hyperref)                removing `math shift' on input line 447.

Missing character: There is no â in font cmr10!
Missing character: There is no € in font cmr10!
Missing character: There is no ™ in font cmr10!
[31

]

Package natbib Warning: Citation `launer1979robustness' on page 32 undefined on
 input line 459.


LaTeX Warning: Reference `FigSpecChar1' on page 32 undefined on input line 476.



LaTeX Warning: Reference `FigSpecChar2' on page 32 undefined on input line 477.


Missing character: There is no Å in font cmr12!
Missing character: There is no ™ in font cmr12!
Missing character: There is no Å in font cmr12!
Missing character: There is no ™ in font cmr12!
<pic/figSpecCharCyg60.pdf, id=1065, 587.19376pt x 442.65375pt>
File: pic/figSpecCharCyg60.pdf Graphic file (type pdf)

<use pic/figSpecCharCyg60.pdf>
Overfull \hbox (14.51154pt too wide) in paragraph at lines 485--497
 [] 
 []


LaTeX Warning: Command \r invalid in math mode on input line 497.


LaTeX Warning: Command \r invalid in math mode on input line 497.

<pic/figSpecCharhd216057.pdf, id=1066, 587.19376pt x 442.65375pt>
File: pic/figSpecCharhd216057.pdf Graphic file (type pdf)

<use pic/figSpecCharhd216057.pdf>
Overfull \hbox (14.51154pt too wide) in paragraph at lines 504--515
 [] 
 []


LaTeX Warning: Command \r invalid in math mode on input line 515.


LaTeX Warning: Command \r invalid in math mode on input line 515.

[32] [33 <./pic/figSpecCharCyg60.pdf>] [34 <./pic/figSpecCharhd216057.pdf>]
[35

] <pic/result1.pdf, id=1246, 578.16pt x 433.62pt>
File: pic/result1.pdf Graphic file (type pdf)
 <use pic/result1.pdf>
<pic/result2.pdf, id=1247, 578.16pt x 433.62pt>
File: pic/result2.pdf Graphic file (type pdf)
 <use pic/result2.pdf>
<pic/result3.pdf, id=1248, 578.16pt x 433.62pt>
File: pic/result3.pdf Graphic file (type pdf)
 <use pic/result3.pdf>
File: pic/result3.pdf Graphic file (type pdf)

<use pic/result3.pdf> <pic/4_her.pdf, id=1249, 578.16pt x 433.62pt>
File: pic/4_her.pdf Graphic file (type pdf)

<use pic/4_her.pdf> <pic/bet_cyg_b.pdf, id=1250, 578.16pt x 433.62pt>
File: pic/bet_cyg_b.pdf Graphic file (type pdf)

<use pic/bet_cyg_b.pdf> <pic/6_cep.pdf, id=1251, 578.16pt x 433.62pt>
File: pic/6_cep.pdf Graphic file (type pdf)

<use pic/6_cep.pdf> <pic/gama_cas.pdf, id=1252, 578.16pt x 433.62pt>
File: pic/gama_cas.pdf Graphic file (type pdf)

<use pic/gama_cas.pdf> [36] [37 <./pic/result1.pdf> <./pic/result2.pdf>]
[38 <./pic/result3.pdf>] [39 <./pic/4_her.pdf> <./pic/bet_cyg_b.pdf>] [40 <./pi
c/6_cep.pdf> <./pic/gama_cas.pdf>] [41] [42

]

Package natbib Warning: Citation `bukvic2008advanced' on page 43 undefined on i
nput line 916.

) [43]
\openout2 = `conclusion.aux'.

 (./conclusion.tex [44



]
Chapter 4.
) [45] [46


]
\openout2 = `appendix1.aux'.

 (./appendix1.tex <pic/results/1.pdf, id=1717, 578.16pt x 433.62pt>
File: pic/results/1.pdf Graphic file (type pdf)

<use pic/results/1.pdf> <pic/results/2.pdf, id=1718, 578.16pt x 433.62pt>
File: pic/results/2.pdf Graphic file (type pdf)

<use pic/results/2.pdf> <pic/results/3.pdf, id=1719, 578.16pt x 433.62pt>
File: pic/results/3.pdf Graphic file (type pdf)

<use pic/results/3.pdf> <pic/results/4.pdf, id=1720, 578.16pt x 433.62pt>
File: pic/results/4.pdf Graphic file (type pdf)

<use pic/results/4.pdf> <pic/results/5.pdf, id=1721, 578.16pt x 433.62pt>
File: pic/results/5.pdf Graphic file (type pdf)

<use pic/results/5.pdf> <pic/results/6.pdf, id=1722, 578.16pt x 433.62pt>
File: pic/results/6.pdf Graphic file (type pdf)

<use pic/results/6.pdf> <pic/results/7.pdf, id=1723, 578.16pt x 433.62pt>
File: pic/results/7.pdf Graphic file (type pdf)

<use pic/results/7.pdf> <pic/results/8.pdf, id=1724, 578.16pt x 433.62pt>
File: pic/results/8.pdf Graphic file (type pdf)

<use pic/results/8.pdf> <pic/results/9.pdf, id=1725, 578.16pt x 433.62pt>
File: pic/results/9.pdf Graphic file (type pdf)

<use pic/results/9.pdf>) [47


pdfTeX warning (ext4): destination with the same identifier (name{subfigure.1.1
}) has been already used, duplicate ignored

\AtBegShi@Output ...ipout \box \AtBeginShipoutBox 
                                                  \fi \fi 
l.129 \include{appendix1}
                         pdfTeX warning (ext4): destination with the same ident
ifier (name{subfigure.1.2}) has been already used, duplicate ignored

\AtBegShi@Output ...ipout \box \AtBeginShipoutBox 
                                                  \fi \fi 
l.129 \include{appendix1}
                         pdfTeX warning (ext4): destination with the same ident
ifier (name{subfigure.1.3}) has been already used, duplicate ignored

\AtBegShi@Output ...ipout \box \AtBeginShipoutBox 
                                                  \fi \fi 
l.129 \include{appendix1}
                         pdfTeX warning (ext4): destination with the same ident
ifier (name{subfigure.1.1}) has been already used, duplicate ignored

\AtBegShi@Output ...ipout \box \AtBeginShipoutBox 
                                                  \fi \fi 
l.129 \include{appendix1}
                         pdfTeX warning (ext4): destination with the same ident
ifier (name{subfigure.1.2}) has been already used, duplicate ignored

\AtBegShi@Output ...ipout \box \AtBeginShipoutBox 
                                                  \fi \fi 
l.129 \include{appendix1}
                         pdfTeX warning (ext4): destination with the same ident
ifier (name{subfigure.1.3}) has been already used, duplicate ignored

\AtBegShi@Output ...ipout \box \AtBeginShipoutBox 
                                                  \fi \fi 
l.129 \include{appendix1}
                          <./pic/results/1.pdf> <./pic/results/2.pdf> <./pic/re
sults/3.pdf> <./pic/results/4.pdf> <./pic/results/5.pdf> <./pic/results/6.pdf> 
<./pic/results/7.pdf> <./pic/results/8.pdf> <./pic/results/9.pdf>]
\openout2 = `appendix2.aux'.


(./appendix2.tex [48



]
Missing character: There is no Å in font phvb7tn!
Missing character: There is no ™ in font phvb7tn!
pdfTeX warning (ext4): destination with the same identifier (name{subfigure.1.1
}) has been already used, duplicate ignored
<to be read again> 
                   \relax 
l.5   \subfloat
               {\includegraphics[width=0.33\textwidth]{1}}
<pic/be/1.pdf, id=2261, 578.16pt x 433.62pt>
File: pic/be/1.pdf Graphic file (type pdf)
 <use pic/be/1.pdf>pdfTeX warning (ext4): destination with the same identifier 
(name{subfigure.1.2}) has been already used, duplicate ignored
<to be read again> 
                   \relax 
l.6   \subfloat
               {\includegraphics[width=0.33\textwidth]{2}}
<pic/be/2.pdf, id=2262, 578.16pt x 433.62pt>
File: pic/be/2.pdf Graphic file (type pdf)
 <use pic/be/2.pdf>pdfTeX warning (ext4): destination with the same identifier 
(name{subfigure.1.3}) has been already used, duplicate ignored
<to be read again> 
                   \relax 
l.7   \subfloat
               {\includegraphics[width=0.33\textwidth]{3}}
<pic/be/3.pdf, id=2263, 578.16pt x 433.62pt>
File: pic/be/3.pdf Graphic file (type pdf)
 <use pic/be/3.pdf>pdfTeX warning (ext4): destination with the same identifier 
(name{subfigure.1.1}) has been already used, duplicate ignored
<to be read again> 
                   \relax 
l.12   \subfloat
                {\includegraphics[width=0.33\textwidth]{4}}
<pic/be/4.pdf, id=2264, 578.16pt x 433.62pt>
File: pic/be/4.pdf Graphic file (type pdf)
 <use pic/be/4.pdf>pdfTeX warning (ext4): destination with the same identifier 
(name{subfigure.1.2}) has been already used, duplicate ignored
<to be read again> 
                   \relax 
l.13   \subfloat
                {\includegraphics[width=0.33\textwidth]{5}}
<pic/be/5.pdf, id=2265, 578.16pt x 433.62pt>
File: pic/be/5.pdf Graphic file (type pdf)
 <use pic/be/5.pdf>pdfTeX warning (ext4): destination with the same identifier 
(name{subfigure.1.3}) has been already used, duplicate ignored
<to be read again> 
                   \relax 
l.14   \subfloat
                {\includegraphics[width=0.33\textwidth]{6}}
<pic/be/6.pdf, id=2266, 578.16pt x 433.62pt>
File: pic/be/6.pdf Graphic file (type pdf)
 <use pic/be/6.pdf>pdfTeX warning (ext4): destination with the same identifier 
(name{subfigure.1.1}) has been already used, duplicate ignored
<to be read again> 
                   \relax 
l.19   \subfloat
                {\includegraphics[width=0.33\textwidth]{7}}
<pic/be/7.pdf, id=2267, 578.16pt x 433.62pt>
File: pic/be/7.pdf Graphic file (type pdf)
 <use pic/be/7.pdf>pdfTeX warning (ext4): destination with the same identifier 
(name{subfigure.1.2}) has been already used, duplicate ignored
<to be read again> 
                   \relax 
l.20   \subfloat
                {\includegraphics[width=0.33\textwidth]{8}}
<pic/be/8.pdf, id=2268, 578.16pt x 433.62pt>
File: pic/be/8.pdf Graphic file (type pdf)
 <use pic/be/8.pdf>pdfTeX warning (ext4): destination with the same identifier 
(name{subfigure.1.3}) has been already used, duplicate ignored
<to be read again> 
                   \relax 
l.21   \subfloat
                {\includegraphics[width=0.33\textwidth]{9}}
<pic/be/9.pdf, id=2269, 578.16pt x 433.62pt>
File: pic/be/9.pdf Graphic file (type pdf)
 <use pic/be/9.pdf>) [49 <./pic/be/1.pdf> <./pic/be/2.pdf> <./pic/be/3.pdf> <./
pic/be/4.pdf> <./pic/be/5.pdf> <./pic/be/6.pdf> <./pic/be/7.pdf> <./pic/be/8.pd
f> <./pic/be/9.pdf>]
No file thesis.bbl.

Package natbib Warning: There were undefined citations.

(./thesis.aux (./dedication.aux) (./cite.aux) (./acknowledgement.aux)
(./abstract.aux) (./introduction.aux) (./chapter1.aux) (./chapter2.aux)
(./chapter3.aux) (./conclusion.aux) (./appendix1.aux) (./appendix2.aux))

LaTeX Warning: There were undefined references.


LaTeX Warning: There were multiply-defined labels.

 ) 
Here is how much of TeX's memory you used:
 11348 strings out of 493848
 163690 string characters out of 1152823
 476626 words of memory out of 3000000
 13788 multiletter control sequences out of 15000+50000
 21148 words of font info for 74 fonts, out of 3000000 for 9000
 714 hyphenation exceptions out of 8191
 51i,12n,50p,721b,1703s stack positions out of 5000i,500n,10000p,200000b,50000s
{/usr/share/texmf-texlive/fonts/enc/dvips/base/8r.enc}</usr/share/texmf-texli
ve/fonts/type1/public/amsfonts/cm/cmbx12.pfb></usr/share/texmf-texlive/fonts/ty
pe1/public/amsfonts/cm/cmcsc10.pfb></usr/share/texmf-texlive/fonts/type1/public
/amsfonts/cm/cmex10.pfb></usr/share/texmf-texlive/fonts/type1/public/amsfonts/c
m/cmmi10.pfb></usr/share/texmf-texlive/fonts/type1/public/amsfonts/cm/cmmi12.pf
b></usr/share/texmf-texlive/fonts/type1/public/amsfonts/cm/cmmi8.pfb></usr/shar
e/texmf-texlive/fonts/type1/public/amsfonts/cm/cmr10.pfb></usr/share/texmf-texl
ive/fonts/type1/public/amsfonts/cm/cmr12.pfb></usr/share/texmf-texlive/fonts/ty
pe1/public/amsfonts/cm/cmr17.pfb></usr/share/texmf-texlive/fonts/type1/public/a
msfonts/cm/cmr6.pfb></usr/share/texmf-texlive/fonts/type1/public/amsfonts/cm/cm
r7.pfb></usr/share/texmf-texlive/fonts/type1/public/amsfonts/cm/cmr8.pfb></usr/
share/texmf-texlive/fonts/type1/public/amsfonts/cm/cmsy10.pfb></usr/share/texmf
-texlive/fonts/type1/public/amsfonts/cm/cmsy8.pfb></usr/share/texmf-texlive/fon
ts/type1/public/amsfonts/cm/cmti12.pfb></usr/share/texmf-texlive/fonts/type1/pu
blic/amsfonts/cm/cmtt10.pfb></usr/share/texmf-texlive/fonts/type1/public/amsfon
ts/cm/cmtt12.pfb></usr/share/texmf-texlive/fonts/type1/public/amsfonts/euler/eu
sm10.pfb></usr/share/texmf-texlive/fonts/type1/urw/helvetic/uhvb8ac.pfb></usr/s
hare/texmf-texlive/fonts/type1/urw/helvetic/uhvr8a.pfb>
Output written on thesis.pdf (59 pages, 1955699 bytes).
PDF statistics:
 2881 PDF objects out of 2984 (max. 8388607)
 509 named destinations out of 1000 (max. 500000)
 589 words of extra memory for PDF output out of 10000 (max. 10000000)

