\BOOKMARK [0][]{section*.1}{Contents}{}
\BOOKMARK [0][]{section*.2}{List of Figures}{}
\BOOKMARK [0][]{section*.2}{Nomenclature}{}
\BOOKMARK [0][]{chapter.1}{1 \040Virtual Observatory \(VO\)}{}
\BOOKMARK [1][]{section.1.1}{1.1 \040Data avalanche: Opportunity or disaster?}{chapter.1}
\BOOKMARK [1][]{section.1.2}{1.2 International Virtual Observatory Alliance \(IVOA\)}{chapter.1}
\BOOKMARK [1][]{section.1.3}{1.3 Architecture}{chapter.1}
\BOOKMARK [1][]{section.1.4}{1.4 VOResources}{chapter.1}
\BOOKMARK [1][]{section.1.5}{1.5 Data Access Protocols}{chapter.1}
\BOOKMARK [2][]{subsection.1.5.1}{1.5.1 Cone Search Protocol}{section.1.5}
\BOOKMARK [2][]{subsection.1.5.2}{1.5.2 Simple Image Access Protocol}{section.1.5}
\BOOKMARK [2][]{subsection.1.5.3}{1.5.3 Simple Spectra Access Protocol}{section.1.5}
\BOOKMARK [1][]{section.1.6}{1.6 Data Formats}{chapter.1}
\BOOKMARK [2][]{subsection.1.6.1}{1.6.1 VOTable}{section.1.6}
\BOOKMARK [2][]{subsection.1.6.2}{1.6.2 FITS}{section.1.6}
\BOOKMARK [1][]{section.1.7}{1.7 Tools \046 Libraries}{chapter.1}
\BOOKMARK [0][]{chapter.2}{2 Data Mining}{}
\BOOKMARK [1][]{section.2.1}{2.1 Supervised Methods}{chapter.2}
\BOOKMARK [2][]{subsection.2.1.1}{2.1.1 Decision Tree \(DT\)}{section.2.1}
\BOOKMARK [3][]{subsubsection.2.1.1.1}{2.1.1.1 Cross-validation}{subsection.2.1.1}
\BOOKMARK [3][]{subsubsection.2.1.1.2}{2.1.1.2 Example: Classifying Galaxies Stars and QSO}{subsection.2.1.1}
\BOOKMARK [1][]{section.2.2}{2.2 Existing Projects}{chapter.2}
\BOOKMARK [2][]{subsection.2.2.1}{2.2.1 Weka}{section.2.2}
\BOOKMARK [2][]{subsection.2.2.2}{2.2.2 SVM lib}{section.2.2}
\BOOKMARK [2][]{subsection.2.2.3}{2.2.3 DAME}{section.2.2}
\BOOKMARK [0][]{chapter.3}{3 Be candidates}{}
\BOOKMARK [1][]{section.3.1}{3.1 Be stars}{chapter.3}
\BOOKMARK [1][]{section.3.2}{3.2 Photometric Data Mining}{chapter.3}
\BOOKMARK [2][]{subsection.3.2.1}{3.2.1 Data preprocessing}{section.3.2}
\BOOKMARK [2][]{subsection.3.2.2}{3.2.2 Classification}{section.3.2}
\BOOKMARK [1][]{section.3.3}{3.3 Spectral Data Mining}{chapter.3}
\BOOKMARK [2][]{subsection.3.3.1}{3.3.1 Testing Data}{section.3.3}
\BOOKMARK [2][]{subsection.3.3.2}{3.3.2 Training Data}{section.3.3}
\BOOKMARK [3][]{subsubsection.3.3.2.1}{3.3.2.1 Spectra Reduction}{subsection.3.3.2}
\BOOKMARK [2][]{subsection.3.3.3}{3.3.3 Spectra Lines Characteristics}{section.3.3}
\BOOKMARK [3][]{subsubsection.3.3.3.1}{3.3.3.1 Normalization}{subsection.3.3.3}
\BOOKMARK [3][]{subsubsection.3.3.3.2}{3.3.3.2 The hight of the H line}{subsection.3.3.3}
\BOOKMARK [3][]{subsubsection.3.3.3.3}{3.3.3.3 The noise level of the spectrum}{subsection.3.3.3}
\BOOKMARK [3][]{subsubsection.3.3.3.4}{3.3.3.4 The width of the H line}{subsection.3.3.3}
\BOOKMARK [2][]{subsection.3.3.4}{3.3.4 Data Mining}{section.3.3}
\BOOKMARK [2][]{subsection.3.3.5}{3.3.5 Results}{section.3.3}
\BOOKMARK [2][]{subsection.3.3.6}{3.3.6 Experiment}{section.3.3}
\BOOKMARK [2][]{subsection.3.3.7}{3.3.7 Conclusion}{section.3.3}
\BOOKMARK [0][]{chapter.4}{4 Conclusion}{}
\BOOKMARK [0][]{appendix*.39}{Appendix1: Spectra of result objects}{}
\BOOKMARK [0][]{appendix*.43}{Appendix2: Spectra of Ondřejov Be stars}{}
